2012-09-22T20:14:12+02:00 WARN (4): Missing translate for __'Change personal info'__ in textDomain: 'default' and locale: 'cs_CZ'.
2012-09-22T20:14:12+02:00 WARN (4): Missing translate for __'Change password'__ in textDomain: 'default' and locale: 'cs_CZ'.
2012-09-22T20:14:12+02:00 WARN (4): Missing translate for __'Change email'__ in textDomain: 'default' and locale: 'cs_CZ'.
2012-09-22T20:17:53+02:00 WARN (4): Missing translate for __'Change personal info'__ in textDomain: 'default' and locale: 'cs_CZ'.
2012-09-22T20:17:53+02:00 WARN (4): Missing translate for __'Change password'__ in textDomain: 'default' and locale: 'cs_CZ'.
2012-09-22T20:17:53+02:00 WARN (4): Missing translate for __'Change email'__ in textDomain: 'default' and locale: 'cs_CZ'.
2012-09-22T20:18:14+02:00 WARN (4): Missing translate for __'Change personal info'__ in textDomain: 'default' and locale: 'cs_CZ'.
2012-09-22T20:18:14+02:00 WARN (4): Missing translate for __'Change password'__ in textDomain: 'default' and locale: 'cs_CZ'.
2012-09-22T20:18:14+02:00 WARN (4): Missing translate for __'Change email'__ in textDomain: 'default' and locale: 'cs_CZ'.
2012-09-22T20:34:40+02:00 WARN (4): Missing translate for __'Change personal info'__ in textDomain: 'default' and locale: 'cs_CZ'.
2012-09-22T20:34:40+02:00 WARN (4): Missing translate for __'Change password'__ in textDomain: 'default' and locale: 'cs_CZ'.
2012-09-22T20:34:40+02:00 WARN (4): Missing translate for __'Change email'__ in textDomain: 'default' and locale: 'cs_CZ'.
2012-09-22T20:35:30+02:00 WARN (4): Missing translate for __'Change personal info'__ in textDomain: 'default' and locale: 'cs_CZ'.
2012-09-22T20:35:30+02:00 WARN (4): Missing translate for __'Change password'__ in textDomain: 'default' and locale: 'cs_CZ'.
2012-09-22T20:35:30+02:00 WARN (4): Missing translate for __'Change email'__ in textDomain: 'default' and locale: 'cs_CZ'.
2012-09-22T20:35:55+02:00 WARN (4): Missing translate for __'Change personal info'__ in textDomain: 'default' and locale: 'cs_CZ'.
2012-09-22T20:35:55+02:00 WARN (4): Missing translate for __'Change password'__ in textDomain: 'default' and locale: 'cs_CZ'.
2012-09-22T20:35:55+02:00 WARN (4): Missing translate for __'Change email'__ in textDomain: 'default' and locale: 'cs_CZ'.
2012-09-22T20:36:18+02:00 WARN (4): Missing translate for __'Change personal info'__ in textDomain: 'default' and locale: 'cs_CZ'.
2012-09-22T20:36:18+02:00 WARN (4): Missing translate for __'Change password'__ in textDomain: 'default' and locale: 'cs_CZ'.
2012-09-22T20:36:18+02:00 WARN (4): Missing translate for __'Change email'__ in textDomain: 'default' and locale: 'cs_CZ'.
2012-09-22T20:36:45+02:00 WARN (4): Missing translate for __'Change personal info'__ in textDomain: 'default' and locale: 'cs_CZ'.
2012-09-22T20:36:45+02:00 WARN (4): Missing translate for __'Change password'__ in textDomain: 'default' and locale: 'cs_CZ'.
2012-09-22T20:36:45+02:00 WARN (4): Missing translate for __'Change email'__ in textDomain: 'default' and locale: 'cs_CZ'.
2012-09-22T20:37:19+02:00 WARN (4): Missing translate for __'Change personal info'__ in textDomain: 'default' and locale: 'cs_CZ'.
2012-09-22T20:37:19+02:00 WARN (4): Missing translate for __'Change password'__ in textDomain: 'default' and locale: 'cs_CZ'.
2012-09-22T20:37:19+02:00 WARN (4): Missing translate for __'Change email'__ in textDomain: 'default' and locale: 'cs_CZ'.
2012-09-22T20:55:44+02:00 WARN (4): Missing translate for __'Change personal info'__ in textDomain: 'default' and locale: 'cs_CZ'.
2012-09-22T20:55:55+02:00 WARN (4): Missing translate for __'Change personal info'__ in textDomain: 'default' and locale: 'cs_CZ'.
2012-09-22T20:56:17+02:00 WARN (4): Missing translate for __'Change personal info'__ in textDomain: 'default' and locale: 'cs_CZ'.
2012-09-22T20:57:01+02:00 WARN (4): Missing translate for __'Change personal info'__ in textDomain: 'default' and locale: 'cs_CZ'.
2012-09-22T20:57:13+02:00 WARN (4): Missing translate for __'Change personal info'__ in textDomain: 'default' and locale: 'cs_CZ'.
2012-09-22T20:57:58+02:00 WARN (4): Missing translate for __'Change personal info'__ in textDomain: 'default' and locale: 'cs_CZ'.
2012-09-22T20:57:58+02:00 WARN (4): Missing translate for __'Change password'__ in textDomain: 'default' and locale: 'cs_CZ'.
2012-09-22T20:57:58+02:00 WARN (4): Missing translate for __'Change email'__ in textDomain: 'default' and locale: 'cs_CZ'.
2012-09-22T20:58:19+02:00 WARN (4): Missing translate for __'Change personal info'__ in textDomain: 'default' and locale: 'cs_CZ'.
2012-09-22T20:58:20+02:00 WARN (4): Missing translate for __'Save'__ in textDomain: 'default' and locale: 'cs_CZ'.
2012-09-22T20:58:20+02:00 WARN (4): Missing translate for __'Change password'__ in textDomain: 'default' and locale: 'cs_CZ'.
2012-09-22T20:58:20+02:00 WARN (4): Missing translate for __'Change email'__ in textDomain: 'default' and locale: 'cs_CZ'.
2012-09-22T20:58:34+02:00 WARN (4): Missing translate for __'Change personal info'__ in textDomain: 'default' and locale: 'cs_CZ'.
2012-09-22T20:58:34+02:00 WARN (4): Missing translate for __'Save'__ in textDomain: 'default' and locale: 'cs_CZ'.
2012-09-22T20:58:34+02:00 WARN (4): Missing translate for __'Change password'__ in textDomain: 'default' and locale: 'cs_CZ'.
2012-09-22T20:58:34+02:00 WARN (4): Missing translate for __'Change email'__ in textDomain: 'default' and locale: 'cs_CZ'.
2012-09-22T20:59:18+02:00 WARN (4): Missing translate for __'Change personal info'__ in textDomain: 'default' and locale: 'cs_CZ'.
2012-09-22T20:59:18+02:00 WARN (4): Missing translate for __'Change password'__ in textDomain: 'default' and locale: 'cs_CZ'.
2012-09-22T20:59:18+02:00 WARN (4): Missing translate for __'Save'__ in textDomain: 'default' and locale: 'cs_CZ'.
2012-09-22T20:59:18+02:00 WARN (4): Missing translate for __'Change email'__ in textDomain: 'default' and locale: 'cs_CZ'.
2012-09-22T20:59:23+02:00 WARN (4): Missing translate for __'Change personal info'__ in textDomain: 'default' and locale: 'cs_CZ'.
2012-09-22T20:59:23+02:00 WARN (4): Missing translate for __'Change password'__ in textDomain: 'default' and locale: 'cs_CZ'.
2012-09-22T20:59:23+02:00 WARN (4): Missing translate for __'Save'__ in textDomain: 'default' and locale: 'cs_CZ'.
2012-09-22T20:59:23+02:00 WARN (4): Missing translate for __'Change email'__ in textDomain: 'default' and locale: 'cs_CZ'.
2012-09-22T20:59:45+02:00 WARN (4): Missing translate for __'Change personal info'__ in textDomain: 'default' and locale: 'cs_CZ'.
2012-09-22T20:59:45+02:00 WARN (4): Missing translate for __'Change password'__ in textDomain: 'default' and locale: 'cs_CZ'.
2012-09-22T20:59:45+02:00 WARN (4): Missing translate for __'Save'__ in textDomain: 'default' and locale: 'cs_CZ'.
2012-09-22T20:59:45+02:00 WARN (4): Missing translate for __'Change email'__ in textDomain: 'default' and locale: 'cs_CZ'.
2012-09-22T21:02:15+02:00 WARN (4): Missing translate for __'Change personal info'__ in textDomain: 'default' and locale: 'cs_CZ'.
2012-09-22T21:02:15+02:00 WARN (4): Missing translate for __'Change password'__ in textDomain: 'default' and locale: 'cs_CZ'.
2012-09-22T21:02:15+02:00 WARN (4): Missing translate for __'Save'__ in textDomain: 'default' and locale: 'cs_CZ'.
2012-09-22T21:02:15+02:00 WARN (4): Missing translate for __'Change email'__ in textDomain: 'default' and locale: 'cs_CZ'.
2012-09-22T21:02:26+02:00 WARN (4): Missing translate for __'An error occurred'__ in textDomain: 'default' and locale: 'cs_CZ'.
2012-09-22T21:02:26+02:00 WARN (4): Missing translate for __'Additional information'__ in textDomain: 'default' and locale: 'cs_CZ'.
2012-09-22T21:02:26+02:00 WARN (4): Missing translate for __'File'__ in textDomain: 'default' and locale: 'cs_CZ'.
2012-09-22T21:02:26+02:00 WARN (4): Missing translate for __'Message'__ in textDomain: 'default' and locale: 'cs_CZ'.
2012-09-22T21:02:26+02:00 WARN (4): Missing translate for __'Stack trace'__ in textDomain: 'default' and locale: 'cs_CZ'.
2012-09-22T21:02:26+02:00 WARN (4): Missing translate for __'Previous exceptions'__ in textDomain: 'default' and locale: 'cs_CZ'.
2012-09-22T21:02:26+02:00 WARN (4): Missing translate for __'File'__ in textDomain: 'default' and locale: 'cs_CZ'.
2012-09-22T21:02:26+02:00 WARN (4): Missing translate for __'Message'__ in textDomain: 'default' and locale: 'cs_CZ'.
2012-09-22T21:02:26+02:00 WARN (4): Missing translate for __'Stack trace'__ in textDomain: 'default' and locale: 'cs_CZ'.
